Processing 2 labels from Imprimir Etiqueta de Pallet.xlsx
Processing 2 labels from Imprimir Etiqueta de Pallet.xlsx
Label 1: Setting line width to 3
Label 2: Setting line width to 3
Generated PDF: C:\Users\filip\Documents\Coding\Tomate_Printing\etiquetas_20250929_155442.pdf
Processing 4 labels from Imprimir Etiqueta de Pallet.xlsx
Label 1: Setting line width to 3
Label 2: Setting line width to 3
Label 3: Setting line width to 3
Label 4: Setting line width to 3
Generated PDF: C:\Users\filip\Documents\Coding\Tomate_Printing\etiquetas_20250929_155555.pdf
Processing 1 labels from Imprimir Etiqueta de Pallet.xlsx
Label 1: Setting line width to 3
Generated PDF: C:\Users\filip\Documents\Coding\Tomate_Printing\etiquetas_20251001_140120.pdf
Processing 1 labels from Imprimir Etiqueta de Pallet.xlsx
Label 1: Setting line width to 3
Generated PDF: C:\Users\filip\Documents\Coding\Tomate_Printing\etiquetas_20251001_140215.pdf
Processing 2 labels from Imprimir Etiqueta de Pallet.xlsx
Label 1: Setting line width to 3
Label 2: Setting line width to 3
Generated PDF: C:\Users\filip\Documents\Coding\Tomate_Printing\etiquetas_20251001_140417.pdf
Processing 2 labels from Imprimir Etiqueta de Pallet.xlsx
Label 1: Setting line width to 3
Label 2: Setting line width to 3
Generated PDF: C:\Users\filip\Documents\Coding\Tomate_Printing\etiquetas_20251001_151230.pdf
Processing 150 labels from Etiquetas Pedido 3868 Data 20251209_1023.xlsx
Failed to generate PDF: 'Descriçao'
Processing 150 labels from Etiquetas Pedido 3868 Data 20251209_1023.xlsx
Generated PDF: C:\Users\filip\Documents\Coding\Tomate_Printing\etiquetas_pacotes_20251209_105734.pdf
Processing 150 labels from Etiquetas Pedido 3868 Data 20251209_1023.xlsx
Generated PDF: C:\Users\filip\Documents\Coding\Tomate_Printing\etiquetas_pacotes_20251209_110334.pdf
Processing 150 labels from Etiquetas Pedido 3868 Data 20251209_1023.xlsx
Generated PDF: C:\Users\filip\Documents\Coding\Tomate_Printing\etiquetas_pacotes_20251209_110535.pdf
Processing 5 labels from Etiquetas Pedido 3868 Data 20251209_1023.xlsx
Generated PDF: C:\Users\filip\Documents\Coding\Tomate_Printing\etiquetas_pacotes_20251209_110934.pdf
Processing 19 labels from Etiquetas Pedido 3822 Data 20251210_1329.xlsx
Generated PDF: C:\Users\filip\Documents\Coding\Tomate_Printing\etiquetas_pacotes_20251210_133038.pdf
Processing 19 labels from Etiquetas Pedido 3822 Data 20251210_1329.xlsx
Generated PDF: C:\Users\filip\Documents\Coding\Tomate_Printing\etiquetas_pacotes_20251210_133116.pdf
Processing 29 labels from Etiquetas Pedido 3855 Data 20251212_1051.xlsx
Generated PDF: C:\Users\filip\Documents\Coding\Tomate_Printing\etiquetas_pacotes_20251212_105220.pdf
Processing 25 labels from Etiquetas Pedido 3855 Data 20251212_1051.xlsx
Generated PDF: C:\Users\filip\Documents\Coding\Tomate_Printing\etiquetas_pacotes_20251212_105707.pdf
Processing 4 labels from Etiquetas Pedido 3855 Data 20251212_1051.xlsx
Generated PDF: C:\Users\filip\Documents\Coding\Tomate_Printing\etiquetas_pacotes_20251212_110323.pdf
Processing 10 labels from Etiquetas Pedido 3863 Data 20251212_1106.xlsx
Generated PDF: C:\Users\filip\Documents\Coding\Tomate_Printing\etiquetas_pacotes_20251212_110906.pdf
Processing 9 labels from Etiquetas Pedido 3863 Data 20251212_1106.xlsx
Generated PDF: C:\Users\filip\Documents\Coding\Tomate_Printing\etiquetas_pacotes_20251212_112906.pdf
Processing 19 labels from Etiquetas Pedido 3863 Data 20251212_1138.xlsx
Generated PDF: C:\Users\filip\Documents\Coding\Tomate_Printing\etiquetas_pacotes_20251212_113810.pdf
Processing 16 labels from Etiquetas Pedido 3863 Data 20251212_1138.xlsx
Generated PDF: C:\Users\filip\Documents\Coding\Tomate_Printing\etiquetas_pacotes_20251212_113921.pdf
Processing 16 labels from Etiquetas Pedido 3863 Data 20251212_1138.xlsx
Generated PDF: C:\Users\filip\Documents\Coding\Tomate_Printing\etiquetas_pacotes_20251216_152109.pdf
Processing 16 labels from Etiquetas Pedido 3863 Data 20251212_1138.xlsx
Generated PDF: C:\Users\filip\Documents\Coding\Tomate_Printing\etiquetas_pacotes_20251216_152200.pdf
Processing 16 labels from Etiquetas Pedido 3863 Data 20251212_1138.xlsx
Failed to generate PDF: mode must be in (0,1,2,3,4,5,6,7)
Processing 16 labels from Etiquetas Pedido 3863 Data 20251212_1138.xlsx
Generated PDF: C:\Users\filip\Documents\Coding\Tomate_Printing\etiquetas_pacotes_20251216_154205.pdf
Processing 60 labels from Etiquetas Pedido 3702 Data 20251216_1542.xlsx
Generated PDF: C:\Users\filip\Documents\Coding\Tomate_Printing\etiquetas_pacotes_20251216_154259.pdf
Processing 60 labels from Etiquetas Pedido 3702 Data 20251216_1542.xlsx
Generated PDF: C:\Users\filip\Documents\Coding\Tomate_Printing\etiquetas_pacotes_20251216_155042.pdf
Processing 60 labels from Etiquetas Pedido 3702 Data 20251216_1542.xlsx
Generated PDF: C:\Users\filip\Documents\Coding\Tomate_Printing\etiquetas_pacotes_20251216_155123.pdf
Processing 60 labels from Etiquetas Pedido 3702 Data 20251216_1542.xlsx
Failed to generate PDF: [Errno 22] Invalid argument: 'etiquetas_pedido_0     3702\n1     3702\n2     3702\n3     3702\n4     3702\n5     3702\n6     3702\n7     3702\n8     3702\n9     3702\n10    3702\n11    3702\n12    3702\n13    3702\n14    3702\n15    3702\n16    3702\n17    3702\n18    3702\n19    3702\n20    3702\n21    3702\n22    3702\n23    3702\n24    3702\n25    3702\n26    3702\n27    3702\n28    3702\n29    3702\n30    3702\n31    3702\n32    3702\n33    3702\n34    3702\n35    3702\n36    3702\n37    3702\n38    3702\n39    3702\n40    3702\n41    3702\n42    3702\n43    3702\n44    3702\n45    3702\n46    3702\n47    3702\n48    3702\n49    3702\n50    3702\n51    3702\n52    3702\n53    3702\n54    3702\n55    3702\n56    3702\n57    3702\n58    3702\n59    3702\nName: Pedido, dtype: int64_20251216_155902.pdf'
Processing 60 labels from Etiquetas Pedido 3702 Data 20251216_1542.xlsx
Processing 60 labels from Etiquetas Pedido 3702 Data 20251216_1542.xlsx
Generated PDF: C:\Users\filip\Documents\Coding\Tomate_Printing\etiquetas_pedido_3702_20251216_160436.pdf
Processing 60 labels from Etiquetas Pedido 3702 Data 20251216_1542.xlsx
Generated PDF: C:\Users\filip\Documents\Coding\Tomate_Printing\etiquetas_pedido_3702_20251216_160519.pdf
Processing 60 labels from Etiquetas Pedido 3702 Data 20251216_1542.xlsx
Generated PDF: C:\Users\filip\Documents\Coding\Tomate_Printing\etiquetas_pedido_3702_data_16_1606.pdf
Processing 60 labels from Etiquetas Pedido 3702 Data 20251216_1542.xlsx
Generated PDF: C:\Users\filip\Documents\Coding\Tomate_Printing\etiquetas_pedido_3702_1316_1613.pdf
Processing 60 labels from Etiquetas Pedido 3702 Data 20251216_1542.xlsx
Generated PDF: C:\Users\filip\Documents\Coding\Tomate_Printing\etiquetas_pedido_3702_1416_1614.pdf
Processing 60 labels from Etiquetas Pedido 3702 Data 20251216_1542.xlsx
Generated PDF: C:\Users\filip\Documents\Coding\Tomate_Printing\etiquetas_pedido_3702_251216_1615.pdf
Processing 60 labels from Etiquetas Pedido 3702 Data 20251216_1542.xlsx
Generated PDF: C:\Users\filip\Documents\Coding\Tomate_Printing\etiquetas_pedido_3702_251216_1634.pdf
Processing 60 labels from Etiquetas Pedido 3702 Data 20251216_1542.xlsx
Generated PDF: C:\Users\filip\Documents\Coding\Tomate_Printing\etiquetas_pedido_3702_251216_1634.pdf
Processing 60 labels from Etiquetas Pedido 3702 Data 20251216_1542.xlsx
Generated PDF: C:\Users\filip\Documents\Coding\Tomate_Printing\etiquetas_pedido_3702_251216_1635.pdf
